C51 COMPILER V9.57.0.0   DELAY                                                             05/17/2020 12:44:22 PAGE 1   


C51 COMPILER V9.57.0.0, COMPILATION OF MODULE DELAY
OBJECT MODULE PLACED IN .\Objects\delay.obj
COMPILER INVOKED BY: E:\Keil_v5\C51\BIN\C51.EXE delay.c OPTIMIZE(8,SPEED) BROWSE DEBUG OBJECTEXTEND PRINT(.\Listings\del
                    -ay.lst) TABS(2) OBJECT(.\Objects\delay.obj)

line level    source

   1          /************************************************************************************
   2          Copyright,  LCE STUDIO   
   3          程序名称：延时函数(晶振频率12MHz)
   4          功能说明: 延时毫秒与微秒
   5          ************************************************************************************/
   6          
   7          #include "iap15w4k58s4.h"     // 单片机STC15F2K60S2头文件,可以不再加入reg51.h
   8          #include <intrins.h>          // 加入此头文件后,可使用_nop_库函数
   9          #include <stdio.h>
  10          
  11          
  12          
  13          void Delay1us()   //@18.432MHz
  14          {
  15   1        _nop_();
  16   1        _nop_();
  17   1        _nop_();
  18   1        _nop_();
  19   1      }
  20          
  21          void Delay1ms()   //@18.432MHz
  22          {
  23   1        unsigned char i, j;
  24   1      
  25   1        i = 12;
  26   1        j = 169;
  27   1        do
  28   1        {
  29   2          while (--j);
  30   2        } while (--i);
  31   1      }
  32          
  33          void DelayMS(int t)
  34          {
  35   1        while(t--)
  36   1        {
  37   2          Delay1ms();
  38   2        }
  39   1      }
  40          
  41          void DelayUS(int t)
  42          {
  43   1        while(t--)
  44   1        {
  45   2          Delay1us();
  46   2        }
  47   1      }


MODULE INFORMATION:   STATIC OVERLAYABLE
   CODE SIZE        =     50    ----
   CONSTANT SIZE    =   ----    ----
   XDATA SIZE       =   ----    ----
   PDATA SIZE       =   ----    ----
C51 COMPILER V9.57.0.0   DELAY                                                             05/17/2020 12:44:22 PAGE 2   

   DATA SIZE        =   ----    ----
   IDATA SIZE       =   ----    ----
   BIT SIZE         =   ----    ----
END OF MODULE INFORMATION.


C51 COMPILATION COMPLETE.  0 WARNING(S),  0 ERROR(S)
